0 info it worked if it ends with ok
1 verbose cli [ 'C:\\Program Files\\nodejs\\node.exe',
1 verbose cli   'C:\\Users\\SomeOnes\\AppData\\Roaming\\npm\\node_modules\\npm\\bin\\npm-cli.js',
1 verbose cli   'run',
1 verbose cli   'scss' ]
2 info using npm@3.5.0
3 info using node@v6.9.2
4 verbose run-script [ 'prescss', 'scss', 'postscss' ]
5 info lifecycle funworks@1.0.0~prescss: funworks@1.0.0
6 silly lifecycle funworks@1.0.0~prescss: no script for prescss, continuing
7 info lifecycle funworks@1.0.0~scss: funworks@1.0.0
8 verbose lifecycle funworks@1.0.0~scss: unsafe-perm in lifecycle true
9 verbose lifecycle funworks@1.0.0~scss: PATH: C:\Users\SomeOnes\AppData\Roaming\npm\node_modules\npm\bin\node-gyp-bin;C:\Users\SomeOnes\Documents\GitKraken\FunWorksWarehouse\node_modules\.bin;C:\Program Files\Oculus\Support\oculus-runtime;C:\Program Files (x86)\iis express\PHP\v5.4;C:\ProgramData\Oracle\Java\javapath;C:\Program Files\Common Files\Microsoft Shared\Windows Live;C:\Program Files (x86)\Common Files\Microsoft Shared\Windows Live;C:\Program Files (x86)\Intel\iCLS Client\;C:\Program Files\Intel\iCLS Client\;C:\Windows\system32;C:\Windows;C:\Windows\System32\Wbem;C:\Windows\System32\WindowsPowerShell\v1.0\;C:\Program Files\Intel\Intel(R) Management Engine Components\DAL;C:\Program Files\Intel\Intel(R) Management Engine Components\IPT;C:\Program Files (x86)\Intel\Intel(R) Management Engine Components\DAL;C:\Program Files (x86)\Intel\Intel(R) Management Engine Components\IPT;C:\Program Files (x86)\Windows Live\Shared;C:\Program Files\Google\Cloud SDK\google-cloud-sdk\bin;C:\Program Files (x86)\Common Files\Adobe\AGL;C:\Program Files (x86)\Common Files\Propellerhead Software\ReWire\;C:\Program Files\Common Files\Propellerhead Software\ReWire\;C:\Program Files (x86)\Git\cmd;C:\Program Files (x86)\NVIDIA Corporatio;C:\Program Files (x86)\Skype\Phone\;C:\Program Files\nodejs\;%SystemRoot%\system32;%SystemRoot%;%SystemRoot%\System32\Wbem;%SYSTEMROOT%\System32\WindowsPowerShell\v1.0\;C:\Ruby21\bin;C:\Users\SomeOnes\AppData\Local\.meteor\;C:\Program Files (x86)\Google\google_appengine\;C:\Users\SomeOnes\AppData\Roaming\npm;%USERPROFILE%\AppData\Local\Microsoft\WindowsApps;
10 verbose lifecycle funworks@1.0.0~scss: CWD: C:\Users\SomeOnes\Documents\GitKraken\FunWorksWarehouse
11 silly lifecycle funworks@1.0.0~scss: Args: [ '/d /s /c',
11 silly lifecycle   'node-sass scss/ -o public/css/ --output-style expanded' ]
12 silly lifecycle funworks@1.0.0~scss: Returned: code: 1  signal: null
13 info lifecycle funworks@1.0.0~scss: Failed to exec scss script
14 verbose stack Error: funworks@1.0.0 scss: `node-sass scss/ -o public/css/ --output-style expanded`
14 verbose stack Exit status 1
14 verbose stack     at EventEmitter.<anonymous> (C:\Users\SomeOnes\AppData\Roaming\npm\node_modules\npm\lib\utils\lifecycle.js:232:16)
14 verbose stack     at emitTwo (events.js:106:13)
14 verbose stack     at EventEmitter.emit (events.js:191:7)
14 verbose stack     at ChildProcess.<anonymous> (C:\Users\SomeOnes\AppData\Roaming\npm\node_modules\npm\lib\utils\spawn.js:24:14)
14 verbose stack     at emitTwo (events.js:106:13)
14 verbose stack     at ChildProcess.emit (events.js:191:7)
14 verbose stack     at maybeClose (internal/child_process.js:877:16)
14 verbose stack     at Process.ChildProcess._handle.onexit (internal/child_process.js:226:5)
15 verbose pkgid funworks@1.0.0
16 verbose cwd C:\Users\SomeOnes\Documents\GitKraken\FunWorksWarehouse
17 error Windows_NT 10.0.14393
18 error argv "C:\\Program Files\\nodejs\\node.exe" "C:\\Users\\SomeOnes\\AppData\\Roaming\\npm\\node_modules\\npm\\bin\\npm-cli.js" "run" "scss"
19 error node v6.9.2
20 error npm  v3.5.0
21 error code ELIFECYCLE
22 error funworks@1.0.0 scss: `node-sass scss/ -o public/css/ --output-style expanded`
22 error Exit status 1
23 error Failed at the funworks@1.0.0 scss script 'node-sass scss/ -o public/css/ --output-style expanded'.
23 error Make sure you have the latest version of node.js and npm installed.
23 error If you do, this is most likely a problem with the funworks package,
23 error not with npm itself.
23 error Tell the author that this fails on your system:
23 error     node-sass scss/ -o public/css/ --output-style expanded
23 error You can get their info via:
23 error     npm owner ls funworks
23 error There is likely additional logging output above.
24 verbose exit [ 1, true ]
